<?xml version="1.0" encoding="UTF-8"?>
<!-- Generated by org.testng.reporters.JUnitReportReporter -->
<testsuite skipped="0" hostname="Vibhav" name="com.GenHealthy.ApplyNowTest" tests="1" failures="0" timestamp="2020-03-22T19:27:17 IST" time="23.460" errors="0">
  <testcase name="pageDisplay" time="23.460" classname="com.GenHealthy.ApplyNowTest"/>
</testsuite> <!-- com.GenHealthy.ApplyNowTest -->
