<?xml version="1.0" encoding="UTF-8"?>
<!-- Generated by org.testng.reporters.JUnitReportReporter -->
<testsuite skipped="0" hostname="Vibhav" name="com.crm.qa.testCases.HomePageTest" tests="1" failures="0" timestamp="19 Sep 2019 18:53:08 GMT" time="52.524" errors="0">
  <testcase name="homePageTitleTest" time="52.524" classname="com.crm.qa.testCases.HomePageTest"/>
</testsuite> <!-- com.crm.qa.testCases.HomePageTest -->
