<?xml version="1.0" encoding="UTF-8"?>
<!-- Generated by org.testng.reporters.JUnitReportReporter -->
<testsuite skipped="0" hostname="Vibhav" name="com.crm.qa.testCases.ExcelReaderHashTable" tests="3" failures="0" timestamp="2020-02-10T00:02:25 IST" time="0.028" errors="0">
  <testcase name="ExcelReader" time="0.006" classname="com.crm.qa.testCases.ExcelReaderHashTable"/>
  <testcase name="ExcelReader" time="0.019" classname="com.crm.qa.testCases.ExcelReaderHashTable"/>
  <testcase name="ExcelReader" time="0.003" classname="com.crm.qa.testCases.ExcelReaderHashTable"/>
</testsuite> <!-- com.crm.qa.testCases.ExcelReaderHashTable -->
