<?xml version="1.0" encoding="UTF-8"?>
<!-- Generated by org.testng.reporters.JUnitReportReporter -->
<testsuite skipped="0" hostname="Vibhav" name="com.GenHealthy.MultipleWindowsHandle" tests="1" failures="0" timestamp="2020-03-22T22:45:28 IST" time="7.586" errors="0">
  <testcase name="multipleWindows" time="7.586" classname="com.GenHealthy.MultipleWindowsHandle"/>
</testsuite> <!-- com.GenHealthy.MultipleWindowsHandle -->
