<?xml version="1.0" encoding="UTF-8"?>
<!-- Generated by org.testng.reporters.JUnitReportReporter -->
<testsuite skipped="0" hostname="Vibhav" name="com.crm.qa.testCases.GenHealthyTest" tests="2" failures="0" timestamp="2020-02-09T18:50:39 IST" time="45.819" errors="0">
  <testcase name="loginCheck" time="18.008" classname="com.crm.qa.testCases.GenHealthyTest"/>
  <testcase name="tickCheckForPlaA" time="27.811" classname="com.crm.qa.testCases.GenHealthyTest"/>
</testsuite> <!-- com.crm.qa.testCases.GenHealthyTest -->
